[2026-01-02 11:39:57] District_User -> Warehouse added ->Ribhoi@pds|     Requested JSON -> {"name":"dfs","type":"motorable","latitude":"11","storage":"121","storage1":"121","district":"Ribhoi","id":"1","warehousetype":"swc","longitude":"10"}
[2026-01-02 11:40:11] District User -> Warehouse Edit->Ribhoi@pds| Requested JSON -> {"name":"Dfsdddd","uniqueid":"WH_695761358e82","active":"1","type":"motorable","latitude":"11","storage":"121","storage1":"121","district":"Ribhoi","id":"1","warehousetype":"swc","longitude":"10"}
[2026-01-02 11:40:16] User -> Read Message ->Ribhoi@pds| Requested
JSON -> hi | Ribhoi@pds
[2026-01-02 11:48:50] District User -> FPS added ->Ribhoi@pds| Requested JSON -> {"name":"asds","type":"Model FPS","latitude":"11","longitude":"12","district":"Ribhoi","id":"admin@pds","demand":"1212","demand_rice":"121"}
[2026-01-02 12:02:30] District User -> FPS Edit->Ribhoi@pds|       Requested JSON -> {"name":"asdscccc","uniqueid":"FPS_6957634a9ae","active":"1","type":"Model FPS","latitude":"11","longitude":"12","district":"Central","id":"admin@pds","demand":"1212","demand_rice":"121"}
[2026-01-02 12:03:52] District User -> FPS added ->Ribhoi@pds| Requested JSON -> {"name":"sDfsdfsd","type":"Model FPS","latitude":"12","longitude":"21","district":"Ribhoi","id":"33","demand":"332","demand_rice":"23233"}
[2026-01-02 12:04:21] District User -> FPS Edit->Ribhoi@pds|       Requested JSON -> {"name":"sDfsdfsd121","uniqueid":"FPS_695766d0e61","active":"1","type":"Model FPS","latitude":"12","longitude":"21","district":"Central","id":"33","demand":"332","demand_rice":"23233"}
[2026-01-02 12:14:22] District User -> FPS added ->Ribhoi@pds| Requested JSON -> {"name":"Akshay","type":"Model FPS","latitude":"12","longitude":"10","district":"Ribhoi","id":"1","demand":"1211","demand_rice":"1211"}
[2026-01-02 12:14:30] District User -> FPS InActive -> Ribhoi@pds| Akshay
[2026-01-02 12:14:36] District User -> FPS Active -> Ribhoi@pds| Akshay
[2026-01-02 12:16:33] district_user -> FPS deleted -> Ribhoi@pds| Requested JSON -> {"uid":"FPS_695769464a4"} | Akshay
[2026-01-02 12:17:10] district_user -> FPS deleted -> Ribhoi@pds| Requested JSON -> {"uid":"all"} | all
[2026-01-02 12:19:17] District User -> FPS added ->Ribhoi@pds| Requested JSON -> {"name":"Akshay","type":"Model FPS","latitude":"12","longitude":"11","district":"Ribhoi","id":"11","demand":"1232","demand_rice":"234"}
[2026-01-02 12:19:36] District User -> FPS Edit->Ribhoi@pds|       Requested JSON -> {"name":"Akshayddfdf","uniqueid":"FPS_69576a6dd8c","active":"1","type":"Model FPS","latitude":"12","longitude":"11","district":"Central","id":"11","demand":"1232","demand_rice":"234"}
[2026-01-02 12:22:22] District User -> FPS added ->Ribhoi@pds| Requested JSON -> {"name":"sdfsdf","type":"Model FPS","latitude":"12","longitude":"11","district":"Ribhoi","id":"99","demand":"211","demand_rice":"121"}
[2026-01-02 12:22:33] District User -> FPS Edit->Ribhoi@pds|       Requested JSON -> {"name":"sdfsdfddd","uniqueid":"FPS_69576b26adc","active":"1","type":"Model FPS","latitude":"12","longitude":"11","district":"Central","id":"99","demand":"211","demand_rice":"121"}
[2026-01-02 12:26:44] District User -> FPS added ->Ribhoi@pds| Requested JSON -> {"name":"ter","type":"Model FPS","latitude":"11","longitude":"12","district":"Ribhoi","id":"77","demand":"323","demand_rice":"231"}
[2026-01-02 12:26:58] District User -> FPS Edit->Ribhoi@pds|       Requested JSON -> {"name":"terddd","uniqueid":"FPS_69576c2cb4b","active":"1","type":"Model FPS","latitude":"11","longitude":"12","district":"Central","id":"77","demand":"323","demand_rice":"231"}
[2026-01-02 12:53:54] District User -> FPS added ->Ribhoi@pds| Requested JSON -> {"name":"dfgdf","type":"Model FPS","latitude":"11","longitude":"12","district":"Ribhoi","id":"98","demand":"2211","demand_rice":"121"}
[2026-01-02 12:54:10] district_user -> FPS deleted -> Ribhoi@pds| Requested JSON -> {"uid":"all"} | all
[2026-01-02 14:58:12] district_user -> FPS deleted -> Ribhoi@pds| Requested JSON -> {"uid":"all"} | all
[2026-01-02 15:11:22] district_user -> FPS deleted -> Ribhoi@pds| Requested JSON -> {"uid":"all"} | all
[2026-01-02 15:12:18] District User -> FPS added ->Ribhoi@pds| Requested JSON -> {"name":"Akshay","type":"Model FPS","latitude":"12","longitude":"10","district":"Ribhoi","id":"97","demand":"122","demand_rice":"2332"}
[2026-01-02 15:12:54] District User -> FPS Edit->Ribhoi@pds|       Requested JSON -> {"name":"Akshay12","uniqueid":"FPS_695792fad79","active":"1","type":"Model FPS","latitude":"12","longitude":"10","district":"Central","id":"97","demand":"122","demand_rice":"2332"}
[2026-01-02 15:28:27] District User -> FPS added ->Ribhoi@pds| Requested JSON -> {"name":"Akshay","type":"Model FPS","latitude":"12","longitude":"10","district":"Ribhoi","id":"7777","demand":"56767","demand_rice":"11.12"}
[2026-01-02 15:37:56] District User -> All Model FPS InActive -> Ribhoi@pds
[2026-01-02 15:38:07] District User -> All Model FPS Active -> Ribhoi@pds
[2026-01-02 15:41:03] District User -> FPS added ->Ribhoi@pds| Requested JSON -> {"name":"Lehdgf","type":"Model FPS","latitude":"12","longitude":"10","district":"Ribhoi","id":"322","demand":"1212","demand_rice":"89"}
[2026-01-02 15:41:29] District User -> FPS Edit->Ribhoi@pds|       Requested JSON -> {"name":"Lehdgfcd","uniqueid":"FPS_695799b792c","active":"1","type":"Model FPS","latitude":"12","longitude":"10","district":"Central","id":"322","demand":"1212","demand_rice":"89"}
[2026-01-02 15:43:47] User -> Read Message ->Ribhoi@pds| Requested
JSON -> hi | Ribhoi@pds
[2026-01-02 15:43:48] User -> Read Message ->Ribhoi@pds| Requested
JSON -> hi | Ribhoi@pds
