[2026-01-13 15:28:02] District_User -> Warehouse added ->Ribhoi@pds|     Requested JSON -> {"name":"gfhfgjhghj","type":"motorable","latitude":"12","storage":"1211","storage1":"121","district":"Ribhoi","id":"87","warehousetype":"swc","longitude":"10"}
[2026-01-13 15:28:04] District User -> Warehouse InActive -> Ribhoi@pds| Gfhfgjhghj
[2026-01-13 15:28:05] District User -> Warehouse Active -> Ribhoi@pds| Gfhfgjhghj
[2026-01-13 15:28:15] District User -> Warehouse Edit->Ribhoi@pds| Requested JSON -> {"name":"Gfhfgjhghjdfggfhjghjghj","uniqueid":"WH_6966172a0784","active":"1","type":"motorable","latitude":"12","storage":"1211","storage1":"121","district":"Ribhoi","id":"87","warehousetype":"swc","longitude":"10"}
[2026-01-13 15:28:26] District User -> Warehouse deleted -> Ribhoi@pds| Requested JSON -> {"uid":"WH_6966172a0784"} | Gfhfgjhghjdfggfhjghjghj
[2026-01-13 15:28:37] District User -> Warehouse deleted -> Ribhoi@pds| Requested JSON -> {"uid":"all"} | all
[2026-01-13 15:30:39] District User -> Warehouse Added -> Ribhoi@pds| Dfsdddd
[2026-01-13 15:30:52] District User -> Warehouse Edit -> Ribhoi@pds| Dfsdddd
[2026-01-13 15:30:55] District User -> Warehouse InActive -> Ribhoi@pds| Dfsdddd
[2026-01-13 15:30:56] District User -> Warehouse Active -> Ribhoi@pds| Dfsdddd
[2026-01-13 15:30:57] District User -> Warehouse InActive -> Ribhoi@pds| Dfsdddd
[2026-01-13 15:30:57] District User -> Warehouse Active -> Ribhoi@pds| Dfsdddd
[2026-01-13 15:31:27] District User -> FPS added ->Ribhoi@pds| Requested JSON -> {"name":"dyjfgtyjg","type":"Model FPS","latitude":"10","longitude":"12","district":"Ribhoi","id":"555","demand":"4534","demand_rice":"3433"}
[2026-01-13 15:31:31] District User -> FPS InActive -> Ribhoi@pds| dyjfgtyjg
[2026-01-13 15:31:31] District User -> FPS Active -> Ribhoi@pds| dyjfgtyjg
[2026-01-13 15:31:45] District User -> FPS Edit->Ribhoi@pds|       Requested JSON -> {"name":"dyjfgtyjgfgjghj","uniqueid":"FPS_696617f74f9","active":"1","type":"Model FPS","latitude":"10","longitude":"12","district":"Ribhoi","id":"555","demand":"4534","demand_rice":"3433"}
[2026-01-13 15:31:55] district_user -> FPS deleted -> Ribhoi@pds| Requested JSON -> {"uid":"FPS_696617f74f9"} | Dyjfgtyjgfgjghj
[2026-01-13 15:32:18] district_user -> FPS deleted -> Ribhoi@pds| Requested JSON -> {"uid":"all"} | all
[2026-01-13 15:32:31] District User -> FPS Added -> Ribhoi@pds| Akshay
[2026-01-13 15:32:55] District User -> FPS Edit -> Ribhoi@pds| Akshay
[2026-01-13 15:50:25] District User -> FPS Edit->Ribhoi@pds|       Requested JSON -> {"name":"Akshaydfdf","uniqueid":"FPS_696618370c9","active":"1","type":"Model FPS","latitude":"12","longitude":"10","district":"Ribhoi","id":"7777","demand":"56767","demand_rice":"11.12"}
[2026-01-13 15:51:29] District User -> FPS added ->Ribhoi@pds| Requested JSON -> {"name":"sdfdgsdfds","type":"Model FPS","latitude":"12","longitude":"10","district":"Ribhoi","id":"78","demand":"786","demand_rice":"565"}
[2026-01-13 15:51:47] district_user -> FPS deleted -> Ribhoi@pds| Requested JSON -> {"uid":"FPS_69661ca98a8"} | sdfdgsdfds
[2026-01-13 15:52:07] district_user -> FPS deleted -> Ribhoi@pds| Requested JSON -> {"uid":"all"} | all
[2026-01-13 15:52:27] District User -> FPS Added -> Ribhoi@pds| Akshaydfdf
[2026-01-13 15:52:51] District User -> FPS Edit -> Ribhoi@pds| Akshaydfdf
[2026-01-13 15:53:16] District User -> All Model FPS InActive -> Ribhoi@pds
[2026-01-13 15:53:22] District User -> All Model FPS Active -> Ribhoi@pds
[2026-01-13 15:58:49] District_User -> Warehouse added ->Ribhoi@pds|     Requested JSON -> {"name":"dfgfghfgfhfghff","type":"motorable","latitude":"12","storage":"243","storage1":"211","district":"Ribhoi","id":"88","warehousetype":"swc","longitude":"10"}
[2026-01-13 15:59:16] District User -> Warehouse Edit->Ribhoi@pds| Requested JSON -> {"name":"Dfgfghfgfhfghffmmmmmmmmmmm","uniqueid":"WH_69661e61d31b","active":"1","type":"motorable","latitude":"12","storage":"243","storage1":"211","district":"Ribhoi","id":"88","warehousetype":"swc","longitude":"10"}
[2026-01-13 15:59:30] District User -> Warehouse deleted -> Ribhoi@pds| Requested JSON -> {"uid":"WH_69661e61d31b"} | Dfgfghfgfhfghffmmmmmmmmmmm
[2026-01-13 15:59:48] District User -> Warehouse deleted -> Ribhoi@pds| Requested JSON -> {"uid":"all"} | all
[2026-01-13 16:00:08] District User -> Warehouse Added -> Ribhoi@pds| Dfsdddd
[2026-01-13 16:00:36] District User -> Warehouse Edit -> Ribhoi@pds| Dfsdddd
[2026-01-13 16:00:44] District User -> Warehouse InActive -> Ribhoi@pds| Dfsdddd
[2026-01-13 16:01:06] User -> Read Message ->Ribhoi@pds| Requested
JSON -> hi | Ribhoi@pds
