[2025-03-10 15:08:48] User -> District added ->admin@pds| Requested JSON ->{"name":"test data"}
[2025-03-10 15:15:32] User -> District deleted -> admin@pds| Requested JSON -> {"uid":"67ceb328c3292"} | Test Data
[2025-03-10 15:22:27] User -> Warehouse added ->admin@pds| Requested JSON -> {"name":"test data","type":"motorable","latitude":"28.5479","storage":"2456777","storage1":"23654647","district":"Central","id":"234555","warehousetype":"swc","longitude":"77.2031"}
[2025-03-10 15:26:14] User -> Warehouse InActive -> admin@pds| Test Data
[2025-03-10 15:27:57] User -> Warehouse Edit->admin@pds| Requested JSON -> {"name":"Test Data 1","uniqueid":"WH_67ceb65bbcc5","active":"0","type":"motorable","latitude":"28.5479","storage":"2456777","storage1":"23654647","district":"Central","id":"234555","warehousetype":"swc","longitude":"77.2031"}
[2025-03-10 15:43:20] User -> Warehouse deleted -> admin@pds| Requested JSON -> {"uid":"WH_67ceb65bbcc5"} | Test Data 1
[2025-03-10 15:43:32] User -> Warehouse deleted -> admin@pds| Requested JSON -> {"uid":"all"} | all
[2025-03-10 15:59:11] User -> Warehouse Added -> admin@pds| FSD Mayapuri
[2025-03-10 15:59:11] User -> Warehouse Added -> admin@pds| FSD Okhla
[2025-03-10 15:59:11] User -> Warehouse Added -> admin@pds| FSD CTO
[2025-03-10 15:59:11] User -> Warehouse Added -> admin@pds| FSD ShaktiNagar
[2025-03-10 15:59:11] User -> Warehouse Added -> admin@pds| FSD Ghevra
[2025-03-10 15:59:11] User -> Warehouse Added -> admin@pds| FSD Narela
[2025-03-10 16:06:01] User -> Warehouse Edit -> admin@pds| FSD Mayapuri
[2025-03-10 16:06:01] User -> Warehouse Edit -> admin@pds| FSD Okhla
[2025-03-10 16:06:01] User -> Warehouse Edit -> admin@pds| FSD CTO
[2025-03-10 16:06:01] User -> Warehouse Edit -> admin@pds| FSD ShaktiNagar
[2025-03-10 16:06:01] User -> Warehouse Edit -> admin@pds| FSD Ghevra
[2025-03-10 16:06:01] User -> Warehouse Edit -> admin@pds| FSD Narela
[2025-03-10 16:09:16] User -> Warehouse InActive -> admin@pds| Central
[2025-03-10 16:10:59] User -> Warehouse Active -> admin@pds| Central
[2025-03-10 16:14:31] User -> FPS added ->admin@pds| Requested JSON -> {"name":"test data","type":"Model FPS","latitude":"28.5479","longitude":"77.2031","district":"Central","id":"234555","demand":"12555","demand_rice":"45225555"}
[2025-03-10 16:17:05] User -> FPS InActive -> admin@pds| test data
[2025-03-10 16:18:55] User -> FPS Edit->admin@pds| Requested JSON -> {"name":"Test Data 1","uniqueid":"FPS_67cec28f7cd","active":"0","type":"Model FPS","latitude":"28.5479""longitude":"77.2031","district":"Central","id":"234555","demand":"12555","demand_rice":"45225555"}
[2025-03-10 16:22:39] User -> FPS deleted -> admin@pds| Requested JSON -> {"uid":"FPS_67cec28f7cd"} | Test Data 1
[2025-03-10 16:22:48] User -> FPS deleted -> admin@pds| Requested JSON -> {"uid":"all"} | all
[2025-03-10 17:57:10] User -> FPS Added -> admin@pds| M/S FAJALUDIN STORE
[2025-03-10 17:57:10] User -> FPS Added -> admin@pds| M/s Sabir Ali Sarafraaz
[2025-03-10 17:57:11] User -> FPS Added -> admin@pds| M/S ABDUL HAMID 
[2025-03-10 17:57:11] User -> FPS Added -> admin@pds| M/S GUPTA STORE
[2025-03-10 17:57:11] User -> FPS Added -> admin@pds| M/s Sanjay Store????????????????
[2025-03-10 17:59:39] User -> FPS deleted -> admin@pds| Requested JSON -> {"uid":"all"} | all
[2025-03-10 18:00:10] User -> FPS Added -> admin@pds| M/S FAJALUDIN STORE
[2025-03-10 18:00:10] User -> FPS Added -> admin@pds| M/s Sabir Ali Sarafraaz
[2025-03-10 18:00:10] User -> FPS Added -> admin@pds| M/S ABDUL HAMID 
[2025-03-10 18:00:10] User -> FPS Added -> admin@pds| M/S GUPTA STORE
[2025-03-10 18:00:10] User -> FPS Added -> admin@pds| M/s Sanjay Store????????????????
[2025-03-10 18:03:11] User -> FPS deleted -> admin@pds| Requested JSON -> {"uid":"all"} | all
[2025-03-10 18:04:06] User -> FPS Added -> admin@pds| M/S FAJALUDIN STORE
[2025-03-10 18:04:06] User -> FPS Added -> admin@pds| M/s Sabir Ali Sarafraaz
[2025-03-10 18:04:07] User -> FPS Added -> admin@pds| M/S ABDUL HAMID 
[2025-03-10 18:04:07] User -> FPS Added -> admin@pds| M/S GUPTA STORE
[2025-03-10 18:04:07] User -> FPS Added -> admin@pds| M/s Sanjay Store????????????????
[2025-03-10 18:07:16] User -> FPS deleted -> admin@pds| Requested JSON -> {"uid":"all"} | all
[2025-03-10 18:08:53] User -> FPS deleted -> admin@pds| Requested JSON -> {"uid":"all"} | all
[2025-03-10 18:09:06] User -> FPS Added -> admin@pds| M/S FAJALUDIN STORE
[2025-03-10 18:09:06] User -> FPS Added -> admin@pds| M/S ABDUL HAMID 
[2025-03-10 18:11:12] User -> FPS deleted -> admin@pds| Requested JSON -> {"uid":"all"} | all
[2025-03-10 18:11:28] User -> FPS Added -> admin@pds| M/S FAJALUDIN STORE
[2025-03-10 18:11:28] User -> FPS Added -> admin@pds| M/S ABDUL HAMID 
[2025-03-10 18:15:34] User -> FPS deleted -> admin@pds| Requested JSON -> {"uid":"all"} | all
[2025-03-10 18:15:48] User -> FPS Added -> admin@pds| M/S FAJALUDIN STORE
[2025-03-10 18:15:48] User -> FPS Added -> admin@pds| M/s Sabir Ali Sarafraaz
[2025-03-10 18:15:48] User -> FPS Added -> admin@pds| M/S ABDUL HAMID 
[2025-03-10 18:30:57] User -> FPS deleted -> admin@pds| Requested JSON -> {"uid":"all"} | all
[2025-03-10 18:31:10] User -> FPS Added -> admin@pds| M/S FAJALUDIN STORE
[2025-03-10 18:31:10] User -> FPS Added -> admin@pds| M/S ABDUL HAMID 
[2025-03-10 18:31:10] User -> FPS Added -> admin@pds| M/S HANUMAN PROV STORE 
[2025-03-10 18:34:52] User -> FPS deleted -> admin@pds| Requested JSON -> {"uid":"all"} | all
[2025-03-10 18:36:41] User -> FPS deleted -> admin@pds| Requested JSON -> {"uid":"all"} | all
[2025-03-10 18:36:54] User -> FPS Added -> admin@pds| M/S FAJALUDIN STORE
[2025-03-10 18:36:54] User -> FPS Added -> admin@pds| M/S ABDUL HAMID 
[2025-03-10 18:37:19] User -> FPS deleted -> admin@pds| Requested JSON -> {"uid":"all"} | all
[2025-03-10 18:41:32] User -> FPS deleted -> admin@pds| Requested JSON -> {"uid":"all"} | all
[2025-03-10 18:41:50] User -> FPS Added -> admin@pds| M/S FAJALUDIN STORE
[2025-03-10 18:41:50] User -> FPS Added -> admin@pds| M/S JAGADISH PRASAD AGGRAWAL
[2025-03-10 18:41:51] User -> FPS Added -> admin@pds| M/S NATHURAM MOHANLAL
[2025-03-10 18:41:51] User -> FPS Added -> admin@pds| M/S HARACHARAN LAL GYANACHAND
[2025-03-10 18:41:51] User -> FPS Added -> admin@pds| M/S NARAYAN DAS
[2025-03-10 18:41:51] User -> FPS Added -> admin@pds| M/S OM PRAKASH ROSHAN LAL
[2025-03-10 18:41:51] User -> FPS Added -> admin@pds| M/S CHANDER PAL
[2025-03-10 18:41:51] User -> FPS Added -> admin@pds| M/S BIHARI LAL GOYAL
[2025-03-10 18:41:51] User -> FPS Added -> admin@pds| M/S AGGRAWAL STORE
[2025-03-10 18:41:51] User -> FPS Added -> admin@pds| M/S MUSHTAK AHMAD ISHTAK AHMAD
[2025-03-10 18:41:51] User -> FPS Added -> admin@pds| M/S MAKHAN LAL DHARAMVIR
[2025-03-10 18:41:52] User -> FPS Added -> admin@pds| M/S GUPTA STORE
[2025-03-10 18:41:52] User -> FPS Added -> admin@pds| M/S KARTAR SINGH
[2025-03-10 18:41:52] User -> FPS Added -> admin@pds| M/S SUSHIL KUMAR
[2025-03-10 18:41:52] User -> FPS Added -> admin@pds| M/S ROSHAN LAL
[2025-03-10 18:41:52] User -> FPS Added -> admin@pds| M/S BISHAN DATT SHARMA
[2025-03-10 18:41:52] User -> FPS Added -> admin@pds| M/S GAUTAM STORE
[2025-03-10 18:41:52] User -> FPS Added -> admin@pds| M/S KUKRETI STORE
[2025-03-10 18:41:52] User -> FPS Added -> admin@pds| M/S AGGRAWAL STORE
[2025-03-10 18:41:52] User -> FPS Added -> admin@pds| M/S BHASIN STORE
[2025-03-10 18:46:21] User -> FPS Edit -> admin@pds| M/S FAJALUDIN STORE
[2025-03-10 18:46:21] User -> FPS Edit -> admin@pds| M/S JAGADISH PRASAD AGGRAWAL
[2025-03-10 18:46:21] User -> FPS Edit -> admin@pds| M/S NATHURAM MOHANLAL
[2025-03-10 18:46:21] User -> FPS Edit -> admin@pds| M/S HARACHARAN LAL GYANACHAND
[2025-03-10 18:46:21] User -> FPS Edit -> admin@pds| M/S NARAYAN DAS
[2025-03-10 18:46:21] User -> FPS Edit -> admin@pds| M/S OM PRAKASH ROSHAN LAL
[2025-03-10 18:46:21] User -> FPS Edit -> admin@pds| M/S CHANDER PAL
[2025-03-10 18:46:21] User -> FPS Edit -> admin@pds| M/S BIHARI LAL GOYAL
[2025-03-10 18:46:21] User -> FPS Edit -> admin@pds| M/S AGGRAWAL STORE
[2025-03-10 18:46:21] User -> FPS Edit -> admin@pds| M/S MUSHTAK AHMAD ISHTAK AHMAD
[2025-03-10 18:46:21] User -> FPS Edit -> admin@pds| M/S MAKHAN LAL DHARAMVIR
[2025-03-10 18:46:21] User -> FPS Edit -> admin@pds| M/S GUPTA STORE
[2025-03-10 18:46:21] User -> FPS Edit -> admin@pds| M/S KARTAR SINGH
[2025-03-10 18:46:21] User -> FPS Edit -> admin@pds| M/S SUSHIL KUMAR
[2025-03-10 18:46:21] User -> FPS Edit -> admin@pds| M/S ROSHAN LAL
[2025-03-10 18:46:21] User -> FPS Edit -> admin@pds| M/S BISHAN DATT SHARMA
[2025-03-10 18:46:21] User -> FPS Edit -> admin@pds| M/S GAUTAM STORE
[2025-03-10 18:46:21] User -> FPS Edit -> admin@pds| M/S KUKRETI STORE
[2025-03-10 18:46:21] User -> FPS Edit -> admin@pds| M/S AGGRAWAL STORE
[2025-03-10 18:46:21] User -> FPS Edit -> admin@pds| M/S BHASIN STORE
[2025-03-10 18:51:16] User -> Model FPS InActive -> admin@pds| Central
[2025-03-10 18:51:47] User -> Model FPS InActive -> admin@pds| East
[2025-03-10 18:52:41] User -> Normal FPS InActive -> admin@pds| East
[2025-03-10 18:53:03] User -> Normal FPS Active -> admin@pds| East
[2025-03-10 18:54:58] User ->All Normal FPS InActive -> admin@pds
[2025-03-10 18:55:20] User ->All Normal FPS Active -> admin@pds
