[2026-01-15 11:45:48] User -> FPS Edit->admin@pds| Requested JSON -> {"name":"MS VIR BHAN GANDHI","uniqueid":"FPS_696622e2aa6","active":"1","type":"Normal FPS","latitude":"28.6533962","longitude":"77.2718064","district":"Central","id":"100100600005","demand":"10999999999","demand_rice":"72000000000"}
[2026-01-15 11:46:41] User -> FPS Edit->admin@pds| Requested JSON -> {"name":"Ms Vir Bhan Gandhi","uniqueid":"FPS_696622e2aa6","active":"1","type":"Normal FPS","latitude":"28.6533962","longitude":"77.2718064","district":"Central","id":"100100600005","demand":"10","demand_rice":"72"}
[2026-01-15 11:47:27] User -> Warehouse Edit ->admin@pds| Requested JSON -> {"name":"FSD ShaktiNagar","uniqueid":"WH_696621caeacd","active":"1","type":"motorable","latitude":"28.67797","storage":"147700000","storage1":"98500000","district":"Central","id":"W4","warehousetype":"swc","longitude":"77.192471"}
[2026-01-15 11:47:52] User -> Warehouse Edit ->admin@pds| Requested JSON -> {"name":"Fsd Shaktinagar","uniqueid":"WH_696621caeacd","active":"1","type":"motorable","latitude":"28.67797","storage":"147700000","storage1":"130000","district":"Central","id":"W4","warehousetype":"swc","longitude":"77.192471"}
[2026-01-15 11:48:34] User -> Warehouse Edit ->admin@pds| Requested JSON -> {"name":"Fsd Shaktinagar","uniqueid":"WH_696621caeacd","active":"1","type":"motorable","latitude":"28.67797","storage":"147700000","storage1":"121","district":"Central","id":"W4","warehousetype":"swc","longitude":"77.192471"}
[2026-01-15 11:49:00] User -> Warehouse Edit ->admin@pds| Requested JSON -> {"name":"Fsd Shaktinagar","uniqueid":"WH_696621caeacd","active":"1","type":"motorable","latitude":"28.67797","storage":"14770","storage1":"12345","district":"Central","id":"W4","warehousetype":"swc","longitude":"77.192471"}
[2026-01-15 11:49:37] User -> Warehouse Edit ->admin@pds| Requested JSON -> {"name":"FSD Mayapuri","uniqueid":"WH_696621cae88c","active":"1","type":"motorable","latitude":"28.630149","storage":"41810","storage1":"2995000","district":"New Delhi","id":"W1","warehousetype":"swc","longitude":"77.129568"}
[2026-01-15 11:50:25] User -> Warehouse InActive -> admin@pds| Fsd Shaktinagar
[2026-01-15 11:50:26] User -> Warehouse Active -> admin@pds| Fsd Shaktinagar
[2026-01-15 11:50:27] User -> Warehouse InActive -> admin@pds| Fsd Mayapuri
[2026-01-15 11:50:27] User -> Warehouse Active -> admin@pds| Fsd Mayapuri
[2026-01-15 12:00:37] User -> Warehouse Edit ->admin@pds| Requested JSON -> {"name":"Fsd Mayapuri","uniqueid":"WH_696621cae88c","active":"1","type":"motorable","latitude":"28.630149","storage":"41810","storage1":"1234","district":"New Delhi","id":"W1","warehousetype":"swc","longitude":"77.129568"}
[2026-01-15 12:05:01] User -> Warehouse Edit ->admin@pds| Requested JSON -> {"name":"Fsd Mayapuri","uniqueid":"WH_696621cae88c","active":"1","type":"motorable","latitude":"28.630149","storage":"41810","storage1":"123333","district":"New Delhi","id":"W1","warehousetype":"swc","longitude":"77.129568"}
[2026-01-15 12:07:47] User -> Warehouse Edit ->admin@pds| Requested JSON -> {"name":"Fsd Mayapuri","uniqueid":"WH_696621cae88c","active":"1","type":"motorable","latitude":"28.630149","storage":"41810","storage1":"11111","district":"New Delhi","id":"W1","warehousetype":"swc","longitude":"77.129568"}
[2026-01-15 12:08:14] User -> Warehouse Edit ->admin@pds| Requested JSON -> {"name":"Fsd Shaktinagar","uniqueid":"WH_696621caeacd","active":"1","type":"motorable","latitude":"28.67797","storage":"14770","storage1":"98988","district":"Central","id":"W4","warehousetype":"swc","longitude":"77.192471"}
[2026-01-15 12:11:35] User -> Warehouse Edit ->admin@pds| Requested JSON -> {"name":"Fsd Shaktinagar","uniqueid":"WH_696621caeacd","active":"1","type":"motorable","latitude":"28.67797","storage":"1477000","storage1":"9898800","district":"Central","id":"W4","warehousetype":"swc","longitude":"77.192471"}
[2026-01-15 12:11:49] User -> Warehouse Edit ->admin@pds| Requested JSON -> {"name":"Fsd Mayapuri","uniqueid":"WH_696621cae88c","active":"1","type":"motorable","latitude":"28.630149","storage":"4181000","storage1":"1111100","district":"New Delhi","id":"W1","warehousetype":"swc","longitude":"77.129568"}
[2026-01-15 12:12:20] User -> Warehouse Edit ->admin@pds| Requested JSON -> {"name":"FSD CTO","uniqueid":"WH_696621cae9e5","active":"1","type":"motorable","latitude":"28.632124","storage":"238090","storage1":"1873000","district":"New Delhi","id":"W3","warehousetype":"swc","longitude":"77.153574"}
[2026-01-15 12:13:09] User -> Warehouse Edit ->admin@pds| Requested JSON -> {"name":"FSD Narela","uniqueid":"WH_696621caebd0","active":"1","type":"motorable","latitude":"28.845738","storage":"6463098","storage1":"4039099","district":"North","id":"W6","warehousetype":"swc","longitude":"77.079208"}
[2026-01-15 12:13:32] User -> Warehouse Edit ->admin@pds| Requested JSON -> {"name":"FSD Ghevra","uniqueid":"WH_696621caeb62","active":"1","type":"motorable","latitude":"28.694594","storage":"4628098","storage1":"3085099","district":"North West","id":"W5","warehousetype":"swc","longitude":"76.992368"}
[2026-01-15 12:13:47] User -> Warehouse Edit ->admin@pds| Requested JSON -> {"name":"FSD Okhla","uniqueid":"WH_696621cae945","active":"1","type":"motorable","latitude":"28.524","storage":"2567012","storage1":"1711012","district":"South East","id":"W2","warehousetype":"swc","longitude":"77.283182"}
[2026-01-15 12:14:42] User -> District deleted -> admin@pds| Requested JSON -> {"uid":"696622ceb4038"} | Ribhoi
[2026-01-15 12:15:53] User -> District added ->admin@pds| Requested JSON ->{"name":"Ribhoi"}
[2026-01-15 12:18:21] User -> District deleted -> admin@pds| Requested JSON -> {"uid":"69688d210370c"} | Ribhoi
[2026-01-15 12:19:34] User -> Warehouse Edit ->admin@pds| Requested JSON -> {"name":"Fsd Okhla","uniqueid":"WH_696621cae945","active":"1","type":"motorable","latitude":"28.524","storage":"25670","storage1":"17110","district":"South East","id":"W2","warehousetype":"swc","longitude":"77.283182"}
[2026-01-15 12:24:15] User -> Warehouse Edit ->admin@pds| Requested JSON -> {"name":"Fsd Shaktinagar","uniqueid":"WH_696621caeacd","active":"1","type":"motorable","latitude":"28.67797","storage":"1477","storage1":"9898","district":"Central","id":"W4","warehousetype":"swc","longitude":"77.192471"}
[2026-01-15 12:24:32] User -> Warehouse Edit ->admin@pds| Requested JSON -> {"name":"Fsd Mayapuri","uniqueid":"WH_696621cae88c","active":"1","type":"motorable","latitude":"28.630149","storage":"4181","storage1":"11111","district":"New Delhi","id":"W1","warehousetype":"swc","longitude":"77.129568"}
[2026-01-15 12:25:51] User -> Warehouse Edit ->admin@pds| Requested JSON -> {"name":"Fsd Cto","uniqueid":"WH_696621cae9e5","active":"1","type":"motorable","latitude":"28.632124","storage":"2380","storage1":"18730","district":"New Delhi","id":"W3","warehousetype":"swc","longitude":"77.153574"}
[2026-01-15 12:26:07] User -> Warehouse Edit ->admin@pds| Requested JSON -> {"name":"Fsd Narela","uniqueid":"WH_696621caebd0","active":"1","type":"motorable","latitude":"28.845738","storage":"64630","storage1":"40390","district":"North","id":"W6","warehousetype":"swc","longitude":"77.079208"}
[2026-01-15 12:26:23] User -> Warehouse Edit ->admin@pds| Requested JSON -> {"name":"Fsd Ghevra","uniqueid":"WH_696621caeb62","active":"1","type":"motorable","latitude":"28.694594","storage":"46280","storage1":"30850","district":"North West","id":"W5","warehousetype":"swc","longitude":"76.992368"}
[2026-01-15 13:06:12] User -> Warehouse InActive -> admin@pds| Fsd Shaktinagar
[2026-01-15 13:06:12] User -> Warehouse Active -> admin@pds| Fsd Shaktinagar
[2026-01-15 13:06:31] User -> Warehouse Edit ->admin@pds| Requested JSON -> {"name":"Fsd Shaktinagar","uniqueid":"WH_696621caeacd","active":"1","type":"motorable","latitude":"28.67797","storage":"14779","storage1":"9898","district":"Central","id":"W4","warehousetype":"swc","longitude":"77.192471"}
[2026-01-15 13:10:32] User -> Warehouse Edit ->admin@pds| Requested JSON -> {"name":"Fsd Shaktinagar","uniqueid":"WH_696621caeacd","active":"1","type":"motorable","latitude":"28.67797","storage":"1477900","storage1":"9898","district":"Central","id":"W4","warehousetype":"swc","longitude":"77.192471"}
