[2025-03-11 11:29:36] District_User -> Warehouse added ->Central@pds|     Requested JSON -> {"name":"test data","type":"motorable","latitude":"28.5479","storage":"2456777","storage1":"23654647","district":"Central","id":"234555","warehousetype":"swc","longitude":"77.2031"}
[2025-03-11 11:33:24] District User -> Warehouse InActive -> Central@pds| Test Data
[2025-03-11 11:34:41] District User -> Warehouse Edit->Central@pds| Requested JSON -> {"name":"Test Data 1","uniqueid":"WH_67cfd147f400","active":"0","type":"motorable","latitude":"28.5479","storage":"2456777","storage1":"23654647","district":"Central","id":"234555","warehousetype":"swc","longitude":"77.2031"}
[2025-03-11 12:22:22] District User -> Warehouse deleted -> Central@pds| Requested JSON -> {"uid":"WH_67cfd147f400"} | Test Data
[2025-03-11 12:24:03] District User -> Warehouse deleted -> Central@pds| Requested JSON -> {"uid":"all"} | all
[2025-03-11 12:31:26] District User -> Warehouse Added -> Central@pds| FSD ShaktiNagar
[2025-03-11 12:35:08] District User -> Warehouse Edit -> Central@pds| FSD ShaktiNagar
[2025-03-11 12:56:18] District User -> FPS added ->Central@pds| Requested JSON -> {"name":"test data","type":"Model FPS","latitude":"28.5479","longitude":"77.2031","district":"Central","id":"234555","demand":"12555","demand_rice":"45225555"}
[2025-03-11 12:58:21] District User -> FPS InActive -> Central@pds| test data
[2025-03-11 13:10:22] District User -> FPS Edit->Central@pds|       Requested JSON -> {"name":"Test Data 1","uniqueid":"FPS_67cfe59a5b5","active":"0","type":"Model FPS","latitude":"28.5479","longitude":"77.2031","district":"Central","id":"234555","demand":"12555","demand_rice":"45225555"}
[2025-03-11 13:14:46] district_user -> FPS deleted -> Central@pds| Requested JSON -> {"uid":"FPS_67cfe59a5b5"} | Test Data
[2025-03-11 13:15:00] district_user -> FPS deleted -> Central@pds| Requested JSON -> {"uid":"all"} | all
[2025-03-11 15:02:48] District User -> FPS Added -> Central@pds| M/S VIR BHAN GANDHI
[2025-03-11 15:02:48] District User -> FPS Added -> Central@pds| M/s Jaiprakash & Sons?????????                 ????????????
[2025-03-11 15:03:58] District User -> FPS Added -> Central@pds| M/S VIR BHAN GANDHI
[2025-03-11 15:03:58] District User -> FPS Added -> Central@pds| M/S MULLA MAL HARABANS LAL
[2025-03-11 15:03:58] District User -> FPS Added -> Central@pds| M/S RAJASTHAN STORE
[2025-03-11 15:03:58] District User -> FPS Added -> Central@pds| M/S BALDEV RAJ
[2025-03-11 15:03:58] District User -> FPS Added -> Central@pds| M/S DUGGAL STORE
[2025-03-11 15:03:58] District User -> FPS Added -> Central@pds| M/S SHARMA FAIR PRICE SHOP
[2025-03-11 15:03:58] District User -> FPS Added -> Central@pds| M/s Jaiprakash & Sons?????????                 ????????????
[2025-03-11 15:03:58] District User -> FPS Added -> Central@pds| M/s Raghu Nath Shai Devendar Kumar?????????????
[2025-03-11 15:03:58] District User -> FPS Added -> Central@pds| M/s Narender Kumar?????????? 
[2025-03-11 15:03:58] District User -> FPS Added -> Central@pds| M/s Adarsh Store????????????
[2025-03-11 15:03:58] District User -> FPS Added -> Central@pds| M/s Durga Provisional Store?????????????????????
[2025-03-11 15:03:58] District User -> FPS Added -> Central@pds| M/s Jaiprakash?????????????????
[2025-03-11 15:03:58] District User -> FPS Added -> Central@pds| M/s Tyagi Store?????????????????????
[2025-03-11 15:03:58] District User -> FPS Added -> Central@pds| M/s Janta Provisional Store????????????????
[2025-03-11 15:03:58] District User -> FPS Added -> Central@pds| M/s Shiv Store???????????????????????
[2025-03-11 15:03:58] District User -> FPS Added -> Central@pds| M/s Ganesh Store
[2025-03-11 15:03:58] District User -> FPS Added -> Central@pds| M/s Sunita Store???????????????????????
[2025-03-11 15:03:58] District User -> FPS Added -> Central@pds| M/s Chaudhary Enterprises??????????????????
[2025-03-11 15:03:58] District User -> FPS Added -> Central@pds| M/s Sanjay Store????????????
[2025-03-11 15:07:49] District User -> FPS Edit -> Central@pds| M/S VIR BHAN GANDHI
[2025-03-11 15:07:49] District User -> FPS Edit -> Central@pds| M/S MULLA MAL HARABANS LAL
[2025-03-11 15:07:49] District User -> FPS Edit -> Central@pds| M/S RAJASTHAN STORE
[2025-03-11 15:07:49] District User -> FPS Edit -> Central@pds| M/S BALDEV RAJ
[2025-03-11 15:07:49] District User -> FPS Edit -> Central@pds| M/S DUGGAL STORE
[2025-03-11 15:07:49] District User -> FPS Edit -> Central@pds| M/S SHARMA FAIR PRICE SHOP
[2025-03-11 15:07:49] District User -> FPS Edit -> Central@pds| M/s Jaiprakash & Sons?????????                 ????????????
[2025-03-11 15:07:49] District User -> FPS Edit -> Central@pds| M/s Raghu Nath Shai Devendar Kumar?????????????
[2025-03-11 15:07:49] District User -> FPS Edit -> Central@pds| M/s Narender Kumar?????????? 
[2025-03-11 15:07:49] District User -> FPS Edit -> Central@pds| M/s Adarsh Store????????????
[2025-03-11 15:07:49] District User -> FPS Edit -> Central@pds| M/s Durga Provisional Store?????????????????????
[2025-03-11 15:07:49] District User -> FPS Edit -> Central@pds| M/s Jaiprakash?????????????????
[2025-03-11 15:07:49] District User -> FPS Edit -> Central@pds| M/s Tyagi Store?????????????????????
[2025-03-11 15:07:49] District User -> FPS Edit -> Central@pds| M/s Janta Provisional Store????????????????
[2025-03-11 15:07:49] District User -> FPS Edit -> Central@pds| M/s Shiv Store???????????????????????
[2025-03-11 15:07:49] District User -> FPS Edit -> Central@pds| M/s Ganesh Store
[2025-03-11 15:07:49] District User -> FPS Edit -> Central@pds| M/s Sunita Store???????????????????????
[2025-03-11 15:07:49] District User -> FPS Edit -> Central@pds| M/s Chaudhary Enterprises??????????????????
[2025-03-11 15:07:49] District User -> FPS Edit -> Central@pds| M/s Sanjay Store????????????
[2025-03-11 15:07:49] District User -> FPS Edit -> Central@pds| M/s Shiv Store????????? ?????????????
[2025-03-11 15:07:49] District User -> FPS Edit -> Central@pds| M/s Sanjay Store????????????????
[2025-03-11 15:07:49] District User -> FPS Edit -> Central@pds| M/s Janta Store????????? ?????????????
[2025-03-11 15:07:49] District User -> FPS Edit -> Central@pds| M/s Shri Sai Store??????????????????
[2025-03-11 15:07:49] District User -> FPS Edit -> Central@pds| M/s Shiv Shakti Store???????????????
[2025-03-11 15:07:49] District User -> FPS Edit -> Central@pds| M/s Harbans Lal Sohan Lal
[2025-03-11 15:07:49] District User -> FPS Edit -> Central@pds| M/s Manohar Lal
[2025-03-11 15:07:49] District User -> FPS Edit -> Central@pds| M/s Fakir Chander
[2025-03-11 15:07:49] District User -> FPS Edit -> Central@pds| M/s Mangal Sen Kapur
[2025-03-11 15:07:49] District User -> FPS Edit -> Central@pds| M/s Gupta Provijan Store
[2025-03-11 15:07:49] District User -> FPS Edit -> Central@pds| M/s Ram Lubhaya
[2025-03-11 15:07:49] District User -> FPS Edit -> Central@pds| M/s Hari Chand Gupta
[2025-03-11 15:07:49] District User -> FPS Edit -> Central@pds| M/s Anand Store
[2025-03-11 15:07:49] District User -> FPS Edit -> Central@pds| M/s Subhash Store
[2025-03-11 15:07:49] District User -> FPS Edit -> Central@pds| M/s Avon Store
[2025-03-11 15:07:49] District User -> FPS Edit -> Central@pds| M/s Krishna Lal
[2025-03-11 15:07:49] District User -> FPS Edit -> Central@pds| M/S Jiya Lal Rameshwar Dutt 
[2025-03-11 15:07:49] District User -> FPS Edit -> Central@pds| M/S Johri Mal Hukam Chand
[2025-03-11 15:07:49] District User -> FPS Edit -> Central@pds| M/S Balwant Rai
[2025-03-11 15:07:49] District User -> FPS Edit -> Central@pds| M/S Parmod Kr. Sharma
[2025-03-11 15:07:49] District User -> FPS Edit -> Central@pds| M/S Bhatia Prov. Store
[2025-03-11 15:07:49] District User -> FPS Edit -> Central@pds| M/S Goyal Prov. Store 
[2025-03-11 15:07:49] District User -> FPS Edit -> Central@pds| M/S Gandhi Bros.  
[2025-03-11 15:07:49] District User -> FPS Edit -> Central@pds| M/S Abdul Wahab Store
[2025-03-11 15:07:49] District User -> FPS Edit -> Central@pds| M/S Ganesh Store 
[2025-03-11 15:07:49] District User -> FPS Edit -> Central@pds| M/S Rama Store 
[2025-03-11 15:07:49] District User -> FPS Edit -> Central@pds| M/S Indian Food Store
[2025-03-11 15:07:49] District User -> FPS Edit -> Central@pds| M/S MOH. ASALAM
[2025-03-11 15:07:49] District User -> FPS Edit -> Central@pds| M/S KANHAIYARAM BHUREMAL
[2025-03-11 15:07:49] District User -> FPS Edit -> Central@pds| M/S BHAGWAN DAS PREM NARAYAN
[2025-03-11 15:07:49] District User -> FPS Edit -> Central@pds| M/S GUPTA STORE
[2025-03-11 15:07:49] District User -> FPS Edit -> Central@pds| M/S MOH. ANIS
[2025-03-11 15:07:49] District User -> FPS Edit -> Central@pds| M/S BHARAT PROVISIONAL STORE
[2025-03-11 15:07:49] District User -> FPS Edit -> Central@pds| M/S JAIN STORE
[2025-03-11 15:07:49] District User -> FPS Edit -> Central@pds| M/S LAXMI PROVIJAN STORE
[2025-03-11 15:07:49] District User -> FPS Edit -> Central@pds| M/S SAYAYAD HUSAIN
[2025-03-11 15:07:49] District User -> FPS Edit -> Central@pds| M/S SHAKTI BHANDAR
[2025-03-11 15:07:49] District User -> FPS Edit -> Central@pds| M/S RAMAPAT MAL RAJENDER PRASAD
[2025-03-11 15:07:49] District User -> FPS Edit -> Central@pds| M/S HARAPRKASH ASHOK KUMAR
[2025-03-11 15:07:49] District User -> FPS Edit -> Central@pds| M/S KHAJAN SINGH MAHAVIR PRASAD
[2025-03-11 15:07:49] District User -> FPS Edit -> Central@pds| M/S BANSAL STORE
[2025-03-11 15:07:49] District User -> FPS Edit -> Central@pds| M/S KISHAN LAL ANAL
[2025-03-11 15:07:49] District User -> FPS Edit -> Central@pds| M/S KASHMIRI LAL RAKESH KUMAR
[2025-03-11 15:07:49] District User -> FPS Edit -> Central@pds| M/S SADHURAM BHUPENDER KUMAR
[2025-03-11 15:07:49] District User -> FPS Edit -> Central@pds| M/S MALARAM RAMAVTAR
[2025-03-11 15:07:49] District User -> FPS Edit -> Central@pds| M/S HARISH STORE
[2025-03-11 15:07:49] District User -> FPS Edit -> Central@pds| M/S MAKKHAN LAL KAILASH CHAND
[2025-03-11 15:07:49] District User -> FPS Edit -> Central@pds| M/s Dhari Ram
[2025-03-11 15:07:49] District User -> FPS Edit -> Central@pds| M/s Kishan Chand Om Prakash
[2025-03-11 15:07:49] District User -> FPS Edit -> Central@pds| M/ s Dalabir Singh and Sons
[2025-03-11 15:07:49] District User -> FPS Edit -> Central@pds| M/S GURABAKSHRAY KEDARNATH
[2025-03-11 15:07:49] District User -> FPS Edit -> Central@pds| M/S RATANCHAND VIJAY KUMAR
[2025-03-11 15:07:49] District User -> FPS Edit -> Central@pds| M/S HEMACHAND SATISH CHAND
[2025-03-11 15:07:49] District User -> FPS Edit -> Central@pds| M/S MANGATARAM AND BROTHERS
[2025-03-11 15:07:49] District User -> FPS Edit -> Central@pds| M/S GUPTA STORE
[2025-03-11 15:07:49] District User -> FPS Edit -> Central@pds| M/S TEJPAL GUPTA
[2025-03-11 15:07:49] District User -> FPS Edit -> Central@pds| M/S FULACHAND YOEGEBDAR KUMAR
[2025-03-11 15:07:49] District User -> FPS Edit -> Central@pds| M/S PRABHUDAYAL
[2025-03-11 15:07:49] District User -> FPS Edit -> Central@pds| M/S KISHAN LAL
[2025-03-11 15:07:49] District User -> FPS Edit -> Central@pds| M/S NARAYAN SINGH AND SONS
[2025-03-11 15:07:49] District User -> FPS Edit -> Central@pds| M/S CHUNNI LAL VIMAL KUMAR
[2025-03-11 15:07:49] District User -> FPS Edit -> Central@pds| M/S MOH. KAJIM
[2025-03-11 15:07:49] District User -> FPS Edit -> Central@pds| M/S CHUNNILAL AND SONS
[2025-03-11 15:07:49] District User -> FPS Edit -> Central@pds| M/S RAGHUBIR SINGH JAIN
[2025-03-11 15:07:49] District User -> FPS Edit -> Central@pds| M/S OMAPRKASH GOYAL
[2025-03-11 15:07:49] District User -> FPS Edit -> Central@pds| M/S SATISH KUMAR AND BROS
[2025-03-11 15:07:49] District User -> FPS Edit -> Central@pds| M/S NARESH KUMAR
[2025-03-11 15:07:49] District User -> FPS Edit -> Central@pds| M/S SHIDIPURA KANANAJYUMAR CO. STORE
[2025-03-11 15:07:49] District User -> FPS Edit -> Central@pds| M/S MUKESH KUMAR LALITA PRASAD
[2025-03-11 15:07:49] District User -> FPS Edit -> Central@pds| M/S CHANDAR SHEKHAR
[2025-03-11 15:07:49] District User -> FPS Edit -> Central@pds| M/S RAMA STORE
[2025-03-11 15:07:49] District User -> FPS Edit -> Central@pds| M/S SRIMATI BIMLA DEVI
[2025-03-11 15:07:49] District User -> FPS Edit -> Central@pds| M/S SHAKTI TRADERS
[2025-03-11 15:07:49] District User -> FPS Edit -> Central@pds| M/S SAMIR STORE
[2025-03-11 15:07:49] District User -> FPS Edit -> Central@pds| M/S BAKE BIHARI STORE
[2025-03-11 15:10:24] District User -> All Normal FPS InActive -> Central@pds
[2025-03-11 15:10:42] District User -> All Normal FPS Active -> Central@pds
[2025-03-11 15:13:12] District User -> FPS Edit->Central@pds|       Requested JSON -> {"name":"M\/S VIR BHAN GANDHI","uniqueid":"FPS_6702d5b092e","active":"1","type":"Model FPS","latitude":"28.6533962","longitude":"77.2718064","district":"Central","id":"100100600005","demand":"109.02","demand_rice":"72.68"}
[2025-03-11 15:13:21] District User -> All Model FPS InActive -> Central@pds
[2025-03-11 15:13:28] District User -> All Model FPS Active -> Central@pds
